<?xml version="1.0" encoding="UTF-8"?>
<databaseChangeLog
		xmlns="http://www.liquibase.org/xml/ns/dbchangelog"
		xmlns:xsi="http://www.w3.org/2001/XMLSchema-instance"
		xsi:schemaLocation="http://www.liquibase.org/xml/ns/dbchangelog
        http://www.liquibase.org/xml/ns/dbchangelog/dbchangelog-4.2.xsd">

	<changeSet id="create-table.test-table" author="sofikj">
		<createTable tableName="test_table">
			<column name="name" type="VARCHAR(256)">
				<constraints nullable="false"/>
			</column>
		</createTable>
	</changeSet>

</databaseChangeLog>
